<?xml version="1.0" encoding="UTF-8"?>
<testng-results ignored="0" total="3" passed="3" failed="0" skipped="0">
  <reporter-output>
  </reporter-output>
  <suite started-at="2022-01-18T19:54:41Z" name="Suite" finished-at="2022-01-18T19:54:55Z" duration-ms="14069">
    <groups>
    </groups>
    <test started-at="2022-01-18T19:54:41Z" name="Test" finished-at="2022-01-18T19:54:47Z" duration-ms="6264">
      <class name="com.para.Fb">
        <test-method signature="test1(java.lang.String, java.lang.String)[pri:0, instance:com.para.Fb@20435c40]" started-at="2022-01-18T19:54:41Z" name="test1" finished-at="2022-01-18T19:54:47Z" duration-ms="6217" status="PASS">
          <params>
            <param index="0">
              <value>
                <![CDATA[green]]>
              </value>
            </param>
            <param index="1">
              <value>
                <![CDATA[jai]]>
              </value>
            </param>
          </params>
          <reporter-output>
          </reporter-output>
        </test-method> <!-- test1 -->
      </class> <!-- com.para.Fb -->
    </test> <!-- Test -->
    <test started-at="2022-01-18T19:54:47Z" name="Test1" finished-at="2022-01-18T19:54:51Z" duration-ms="4018">
      <class name="com.para.Fb">
        <test-method signature="test1(java.lang.String, java.lang.String)[pri:0, instance:com.para.Fb@45a37759]" started-at="2022-01-18T19:54:47Z" name="test1" finished-at="2022-01-18T19:54:51Z" duration-ms="4015" status="PASS">
          <params>
            <param index="0">
              <value>
                <![CDATA[green]]>
              </value>
            </param>
            <param index="1">
              <value>
                <![CDATA[jai]]>
              </value>
            </param>
          </params>
          <reporter-output>
          </reporter-output>
        </test-method> <!-- test1 -->
      </class> <!-- com.para.Fb -->
    </test> <!-- Test1 -->
    <test started-at="2022-01-18T19:54:51Z" name="Test2" finished-at="2022-01-18T19:54:55Z" duration-ms="3751">
      <class name="com.para.Fb">
        <test-method signature="test1(java.lang.String, java.lang.String)[pri:0, instance:com.para.Fb@7d9e8ef7]" started-at="2022-01-18T19:54:51Z" name="test1" finished-at="2022-01-18T19:54:55Z" duration-ms="3746" status="PASS">
          <params>
            <param index="0">
              <value>
                <![CDATA[green]]>
              </value>
            </param>
            <param index="1">
              <value>
                <![CDATA[jai]]>
              </value>
            </param>
          </params>
          <reporter-output>
          </reporter-output>
        </test-method> <!-- test1 -->
      </class> <!-- com.para.Fb -->
    </test> <!-- Test2 -->
  </suite> <!-- Suite -->
</testng-results>
